<?xml version="1.0" encoding="UTF-8"?>
<testsuite name="CaesarTest" tests="1" skipped="0" failures="0" errors="0" timestamp="2019-04-06T12:21:05" hostname="moringa-Lenovo-ideapad-320-15ISK" time="0.001">
  <properties/>
  <testcase name="Caeser_testEncryption" classname="CaesarTest" time="0.001"/>
  <system-out><![CDATA[]]></system-out>
  <system-err><![CDATA[]]></system-err>
</testsuite>
